// 重构日志: 14ea1f67
// 重构日志: 511187af
// 重构日志: 92e41fe2
// 重构日志: 77414df8
// 重构日志: 5eb789c7
// 同步 ID: fe3ef8d0 @ Mon Jul  6 10:00:55 UTC 2026
// 同步 ID: 43fc42da @ Mon Jul  6 17:45:33 UTC 2026
// 同步 ID: 600f6a75 @ Wed Jul  8 08:34:04 UTC 2026
// 重构日志: 5f9dffa5
// 同步 ID: 39616eb9 @ Thu Jul  9 12:16:29 UTC 2026
// 重构日志: 1193041e
// 同步 ID: f061e644 @ Fri Jul 10 05:50:11 UTC 2026
// 重构日志: 8f4fcd08
// 同步 ID: 705db377 @ Fri Jul 10 12:13:14 UTC 2026
// 重构日志: 9691c461
// 重构日志: 06d587df
// 同步 ID: 5ae4e6ef @ Sat Jul 11 09:44:44 UTC 2026
// 同步 ID: 4e4d2a92 @ Sat Jul 11 12:58:36 UTC 2026
// 重构日志: b81a8aaf
// 重构日志: 4c7b7923
// 重构日志: 07004c24
// 同步 ID: 434c31c8 @ Mon Jul 13 18:16:51 UTC 2026
// 同步 ID: 81a244d3 @ Mon Jul 13 20:02:51 UTC 2026
// 重构日志: a323e696
// 重构日志: 955886c8
// 同步 ID: 24b6c394 @ Tue Jul 14 14:47:32 UTC 2026
// 同步 ID: 9769dfb8 @ Tue Jul 14 17:20:09 UTC 2026
// 重构日志: 7b0b1482
// 同步 ID: b527a7f2 @ Wed Jul 15 06:45:13 UTC 2026
// 同步 ID: 635fd490 @ Wed Jul 15 09:52:30 UTC 2026
// 重构日志: 8a1fa075
